<?xml version="1.0" encoding="UTF-8"?>
<!-- Generated by org.testng.reporters.JUnitReportReporter -->
<testsuite hostname="DESKTOP-DTIM0N6" failures="0" tests="1" name="testcases.VerifyVersionTest" time="7.955" errors="0" timestamp="2021-09-07T21:12:12 IST" skipped="0">
  <testcase classname="testcases.VerifyVersionTest" name="testVersion" time="7.955"/>
  <system-out>
    <![CDATA[Title is matching: actiTIME - Login
Version is matching]]>
  </system-out>
</testsuite> <!-- testcases.VerifyVersionTest -->
