<?xml version="1.0" encoding="UTF-8"?>
<!-- Generated by org.testng.reporters.JUnitReportReporter -->
<testsuite hostname="DESKTOP-DTIM0N6" failures="0" tests="1" name="testcases.ValidLoginLogoutTest" time="19.153" errors="0" timestamp="2021-09-07T21:12:12 IST" skipped="0">
  <testcase classname="testcases.ValidLoginLogoutTest" name="testValidLoginLogout" time="19.153"/>
  <system-out>
    <![CDATA[Title is matching: actiTIME - Login
Title is matching: actiTIME - Enter Time-Track
Title is matching: actiTIME - Login]]>
  </system-out>
</testsuite> <!-- testcases.ValidLoginLogoutTest -->
