<?xml version="1.0" encoding="UTF-8"?>
<!-- Generated by org.testng.reporters.JUnitReportReporter -->
<testsuite hostname="DESKTOP-DTIM0N6" failures="0" tests="1" name="testcases.InvalidLogintest" time="10.928" errors="0" timestamp="2021-09-07T21:12:12 IST" skipped="0">
  <testcase classname="testcases.InvalidLogintest" name="testInvalidLogin" time="10.928"/>
  <system-out>
    <![CDATA[Title is matching: actiTIME - Login
Element is presentUsername or Password is invalid. Please try again.]]>
  </system-out>
</testsuite> <!-- testcases.InvalidLogintest -->
